Okt 05, 2017 2:59:22 PM org.apache.catalina.core.AprLifecycleListener init
INFORMATION: The APR based Apache Tomcat Native library which allows optimal performance in production environments was not found on the java.library.path: C:\Program Files\Java\jdk1.8.0_102\bin;C:\Windows\Sun\Java\bin;C:\Windows\system32;C:\Windows;C:\ProgramData\Oracle\Java\javapath;C:\Windows\system32;C:\Windows;C:\Windows\System32\Wbem;C:\Users\Admin\.dnx\bin;C:\Program Files\Microsoft DNX\Dnvm\;C:\Program Files\Microsoft SQL Server\120\Tools\Binn\;C:\Program Files\Java\jdk1.8.0_102\bin;C:\Progs\apache-maven-3.3.9\bin;C:\Program Files\nodejs\;C:\Progs\phantomjs-2.1.1-windows\bin;C:\Program Files (x86)\Skype\Phone\;C:\Windows\System32\WindowsPowerShell\v1.0\;C:\Program Files\MongoDB\Server\3.4\bin;C:\Program Files (x86)\Vintage BASIC;C:\Windows\System32\WindowsPowerShell\v1.0\;C:\Windows\System32\WindowsPowerShell\v1.0\;C:\Users\Florian\Studies\_9. Semester\LSD\Software\apache-ant-1.10.1\bin;C:\Users\Admin\scoop\shims;.
Okt 05, 2017 2:59:22 PM org.apache.coyote.http11.Http11Protocol init
INFORMATION: Initializing Coyote HTTP/1.1 on http-8080
Okt 05, 2017 2:59:22 PM org.apache.catalina.startup.Catalina load
INFORMATION: Initialization processed in 638 ms
Okt 05, 2017 2:59:22 PM org.apache.catalina.core.StandardService start
INFORMATION: Starting service Catalina
Okt 05, 2017 2:59:22 PM org.apache.catalina.core.StandardEngine start
INFORMATION: Starting Servlet Engine: Apache Tomcat/6.0.53
Okt 05, 2017 2:59:22 PM org.apache.catalina.startup.HostConfig deployDirectory
INFORMATION: Deploying web application directory docs
Okt 05, 2017 2:59:22 PM org.apache.catalina.startup.HostConfig deployDirectory
INFORMATION: Deploying web application directory examples
Okt 05, 2017 2:59:23 PM org.apache.catalina.startup.HostConfig deployDirectory
INFORMATION: Deploying web application directory host-manager
Okt 05, 2017 2:59:23 PM org.apache.catalina.startup.HostConfig deployDirectory
INFORMATION: Deploying web application directory manager
Okt 05, 2017 2:59:23 PM org.apache.catalina.startup.HostConfig deployDirectory
INFORMATION: Deploying web application directory ROOT
Okt 05, 2017 2:59:23 PM org.apache.coyote.http11.Http11Protocol start
INFORMATION: Starting Coyote HTTP/1.1 on http-8080
Okt 05, 2017 2:59:23 PM org.apache.jk.common.ChannelSocket init
INFORMATION: JK: ajp13 listening on /0.0.0.0:8009
Okt 05, 2017 2:59:23 PM org.apache.jk.server.JkMain start
INFORMATION: Jk running ID=0 time=0/16  config=null
Okt 05, 2017 2:59:23 PM org.apache.catalina.startup.Catalina start
INFORMATION: Server startup in 1006 ms
Okt 05, 2017 3:03:24 PM org.apache.coyote.http11.Http11Protocol pause
INFORMATION: Pausing Coyote HTTP/1.1 on http-8080
Okt 05, 2017 3:03:25 PM org.apache.catalina.core.StandardService stop
INFORMATION: Stopping service Catalina
Okt 05, 2017 3:03:25 PM org.apache.coyote.http11.Http11Protocol destroy
INFORMATION: Stopping Coyote HTTP/1.1 on http-8080
Okt 05, 2017 3:58:59 PM org.apache.catalina.core.AprLifecycleListener init
INFORMATION: The APR based Apache Tomcat Native library which allows optimal performance in production environments was not found on the java.library.path: C:\Program Files\Java\jdk1.8.0_102\bin;C:\Windows\Sun\Java\bin;C:\Windows\system32;C:\Windows;C:\ProgramData\Oracle\Java\javapath;C:\Windows\system32;C:\Windows;C:\Windows\System32\Wbem;C:\Users\Admin\.dnx\bin;C:\Program Files\Microsoft DNX\Dnvm\;C:\Program Files\Microsoft SQL Server\120\Tools\Binn\;C:\Program Files\Java\jdk1.8.0_102\bin;C:\Progs\apache-maven-3.3.9\bin;C:\Program Files\nodejs\;C:\Progs\phantomjs-2.1.1-windows\bin;C:\Program Files (x86)\Skype\Phone\;C:\Windows\System32\WindowsPowerShell\v1.0\;C:\Program Files\MongoDB\Server\3.4\bin;C:\Program Files (x86)\Vintage BASIC;C:\Windows\System32\WindowsPowerShell\v1.0\;C:\Windows\System32\WindowsPowerShell\v1.0\;C:\Users\Florian\Studies\_9. Semester\LSD\Software\apache-ant-1.10.1\bin;C:\Users\Admin\scoop\shims;.
Okt 05, 2017 3:58:59 PM org.apache.coyote.http11.Http11Protocol init
INFORMATION: Initializing Coyote HTTP/1.1 on http-8080
Okt 05, 2017 3:58:59 PM org.apache.catalina.startup.Catalina load
INFORMATION: Initialization processed in 594 ms
Okt 05, 2017 3:58:59 PM org.apache.catalina.core.StandardService start
INFORMATION: Starting service Catalina
Okt 05, 2017 3:58:59 PM org.apache.catalina.core.StandardEngine start
INFORMATION: Starting Servlet Engine: Apache Tomcat/6.0.53
Okt 05, 2017 3:58:59 PM org.apache.catalina.startup.HostConfig deployDescriptor
INFORMATION: Deploying configuration descriptor host-manager.xml
Okt 05, 2017 3:58:59 PM org.apache.catalina.startup.HostConfig deployDescriptor
INFORMATION: Deploying configuration descriptor manager.xml
Okt 05, 2017 3:58:59 PM org.apache.catalina.startup.HostConfig deployDirectory
INFORMATION: Deploying web application directory docs
Okt 05, 2017 3:58:59 PM org.apache.catalina.startup.HostConfig deployDirectory
INFORMATION: Deploying web application directory examples
Okt 05, 2017 3:59:00 PM org.apache.catalina.startup.HostConfig deployDirectory
INFORMATION: Deploying web application directory ROOT
Okt 05, 2017 3:59:00 PM org.apache.coyote.http11.Http11Protocol start
INFORMATION: Starting Coyote HTTP/1.1 on http-8080
Okt 05, 2017 3:59:00 PM org.apache.jk.common.ChannelSocket init
INFORMATION: JK: ajp13 listening on /0.0.0.0:8009
Okt 05, 2017 3:59:00 PM org.apache.jk.server.JkMain start
INFORMATION: Jk running ID=0 time=0/20  config=null
Okt 05, 2017 3:59:00 PM org.apache.catalina.startup.Catalina start
INFORMATION: Server startup in 939 ms
Okt 05, 2017 3:59:26 PM org.apache.coyote.http11.Http11Protocol pause
INFORMATION: Pausing Coyote HTTP/1.1 on http-8080
Okt 05, 2017 3:59:27 PM org.apache.catalina.core.StandardService stop
INFORMATION: Stopping service Catalina
Okt 05, 2017 3:59:27 PM org.apache.coyote.http11.Http11Protocol destroy
INFORMATION: Stopping Coyote HTTP/1.1 on http-8080
Okt 05, 2017 4:01:15 PM org.apache.catalina.core.AprLifecycleListener init
INFORMATION: The APR based Apache Tomcat Native library which allows optimal performance in production environments was not found on the java.library.path: C:\Program Files\Java\jdk1.8.0_102\bin;C:\Windows\Sun\Java\bin;C:\Windows\system32;C:\Windows;C:\ProgramData\Oracle\Java\javapath;C:\Windows\system32;C:\Windows;C:\Windows\System32\Wbem;C:\Users\Admin\.dnx\bin;C:\Program Files\Microsoft DNX\Dnvm\;C:\Program Files\Microsoft SQL Server\120\Tools\Binn\;C:\Program Files\Java\jdk1.8.0_102\bin;C:\Progs\apache-maven-3.3.9\bin;C:\Program Files\nodejs\;C:\Progs\phantomjs-2.1.1-windows\bin;C:\Program Files (x86)\Skype\Phone\;C:\Windows\System32\WindowsPowerShell\v1.0\;C:\Program Files\MongoDB\Server\3.4\bin;C:\Program Files (x86)\Vintage BASIC;C:\Windows\System32\WindowsPowerShell\v1.0\;C:\Windows\System32\WindowsPowerShell\v1.0\;C:\Users\Florian\Studies\_9. Semester\LSD\Software\apache-ant-1.10.1\bin;C:\Users\Admin\scoop\shims;.
Okt 05, 2017 4:01:15 PM org.apache.coyote.http11.Http11Protocol init
INFORMATION: Initializing Coyote HTTP/1.1 on http-8080
Okt 05, 2017 4:01:15 PM org.apache.catalina.startup.Catalina load
INFORMATION: Initialization processed in 594 ms
Okt 05, 2017 4:01:15 PM org.apache.catalina.core.StandardService start
INFORMATION: Starting service Catalina
Okt 05, 2017 4:01:15 PM org.apache.catalina.core.StandardEngine start
INFORMATION: Starting Servlet Engine: Apache Tomcat/6.0.53
Okt 05, 2017 4:01:15 PM org.apache.catalina.startup.HostConfig deployDescriptor
INFORMATION: Deploying configuration descriptor host-manager.xml
Okt 05, 2017 4:01:15 PM org.apache.catalina.startup.HostConfig deployDescriptor
INFORMATION: Deploying configuration descriptor manager.xml
Okt 05, 2017 4:01:15 PM org.apache.catalina.startup.HostConfig deployDirectory
INFORMATION: Deploying web application directory docs
Okt 05, 2017 4:01:15 PM org.apache.catalina.startup.HostConfig deployDirectory
INFORMATION: Deploying web application directory examples
Okt 05, 2017 4:01:16 PM org.apache.catalina.startup.HostConfig deployDirectory
INFORMATION: Deploying web application directory ROOT
Okt 05, 2017 4:01:16 PM org.apache.coyote.http11.Http11Protocol start
INFORMATION: Starting Coyote HTTP/1.1 on http-8080
Okt 05, 2017 4:01:16 PM org.apache.jk.common.ChannelSocket init
INFORMATION: JK: ajp13 listening on /0.0.0.0:8009
Okt 05, 2017 4:01:16 PM org.apache.jk.server.JkMain start
INFORMATION: Jk running ID=0 time=0/20  config=null
Okt 05, 2017 4:01:16 PM org.apache.catalina.startup.Catalina start
INFORMATION: Server startup in 909 ms
Okt 05, 2017 4:01:22 PM org.apache.coyote.http11.Http11Protocol pause
INFORMATION: Pausing Coyote HTTP/1.1 on http-8080
Okt 05, 2017 4:01:23 PM org.apache.catalina.core.StandardService stop
INFORMATION: Stopping service Catalina
Okt 05, 2017 4:01:23 PM org.apache.coyote.http11.Http11Protocol destroy
INFORMATION: Stopping Coyote HTTP/1.1 on http-8080
