Okt 24, 2017 2:55:29 PM org.apache.catalina.core.AprLifecycleListener init
INFORMATION: The APR based Apache Tomcat Native library which allows optimal performance in production environments was not found on the java.library.path: C:\Program Files\Java\jdk1.8.0_101\bin;C:\WINDOWS\Sun\Java\bin;C:\WINDOWS\system32;C:\WINDOWS;C:\Program Files\Dell\DW WLAN Card;C:\ProgramData\Oracle\Java\javapath;C:\Program Files (x86)\Intel\iCLS Client\;C:\Program Files\Intel\iCLS Client\;C:\WINDOWS\system32;C:\WINDOWS;C:\WINDOWS\System32\Wbem;C:\WINDOWS\System32\WindowsPowerShell\v1.0\;C:\Program Files\Intel\Intel(R) Management Engine Components\DAL;C:\Program Files (x86)\Intel\Intel(R) Management Engine Components\DAL;C:\Program Files\Intel\Intel(R) Management Engine Components\IPT;C:\Program Files (x86)\Intel\Intel(R) Management Engine Components\IPT;C:\Program Files\Git\cmd;C:\Program Files\apache-maven-3.3.9\bin;C:\Program Files\Java\jdk1.8.0_101\bin;C:\WINDOWS\system32\config\systemprofile\.dnx\bin;C:\Program Files\Microsoft DNX\Dnvm\;C:\Program Files\Microsoft SQL Server\120\Tools\Binn\;C:\Program Files\Microsoft SQL Server\130\Tools\Binn\;C:\Program Files\Microsoft\Web Platform Installer\;C:\Program Files\nodejs\;C:\Users\Steff\Documents\Studium\Semester6\lsd\apache-ant-1.10.1\bin;C:\Program Files\PuTTY\;C:\Program Files (x86)\Graphviz2.38\bin;C:\Program Files (x86)\Microsoft VS Code\bin;C:\Users\Steff\AppData\Local\Microsoft\WindowsApps;C:\Users\Steff\AppData\Roaming\npm;;.
Okt 24, 2017 2:55:29 PM org.apache.coyote.http11.Http11Protocol init
INFORMATION: Initializing Coyote HTTP/1.1 on http-8080
Okt 24, 2017 2:55:29 PM org.apache.catalina.startup.Catalina load
INFORMATION: Initialization processed in 586 ms
Okt 24, 2017 2:55:29 PM org.apache.catalina.core.StandardService start
INFORMATION: Starting service Catalina
Okt 24, 2017 2:55:29 PM org.apache.catalina.core.StandardEngine start
INFORMATION: Starting Servlet Engine: Apache Tomcat/6.0.53
Okt 24, 2017 2:55:29 PM org.apache.catalina.startup.HostConfig deployDirectory
INFORMATION: Deploying web application directory docs
Okt 24, 2017 2:55:30 PM org.apache.catalina.startup.HostConfig deployDirectory
INFORMATION: Deploying web application directory examples
Okt 24, 2017 2:55:30 PM org.apache.catalina.startup.HostConfig deployDirectory
INFORMATION: Deploying web application directory host-manager
Okt 24, 2017 2:55:30 PM org.apache.catalina.startup.HostConfig deployDirectory
INFORMATION: Deploying web application directory manager
Okt 24, 2017 2:55:30 PM org.apache.catalina.startup.HostConfig deployDirectory
INFORMATION: Deploying web application directory ROOT
Okt 24, 2017 2:55:30 PM org.apache.coyote.http11.Http11Protocol start
INFORMATION: Starting Coyote HTTP/1.1 on http-8080
Okt 24, 2017 2:55:30 PM org.apache.jk.common.ChannelSocket init
INFORMATION: JK: ajp13 listening on /0.0.0.0:8009
Okt 24, 2017 2:55:30 PM org.apache.jk.server.JkMain start
INFORMATION: Jk running ID=0 time=0/32  config=null
Okt 24, 2017 2:55:30 PM org.apache.catalina.startup.Catalina start
INFORMATION: Server startup in 825 ms
Okt 24, 2017 2:57:50 PM org.apache.coyote.http11.Http11Protocol pause
INFORMATION: Pausing Coyote HTTP/1.1 on http-8080
Okt 24, 2017 2:57:52 PM org.apache.catalina.core.StandardService stop
INFORMATION: Stopping service Catalina
Okt 24, 2017 2:57:52 PM org.apache.coyote.http11.Http11Protocol destroy
INFORMATION: Stopping Coyote HTTP/1.1 on http-8080
